Software Version: 11.8.2.4
Embedded FlashPro5 programmer detected.
programmer 'E200108CTE' : FlashPro5
Opened 'C:\Users\Mike Klopfer\Documents\GitHub\Microsemi_SmartFusion2_FutureCreativeBoard_BaseDesign\FCBBaseDesign\designer\SF2_MSS_sys\SF2_MSS_sys_fp\SF2_MSS_sys.pro'
The 'open_project' command succeeded.
IPD file 'C:/Users/Mike Klopfer/Documents/GitHub/Microsemi_SmartFusion2_FutureCreativeBoard_BaseDesign/FCBBaseDesign/designer/SF2_MSS_sys/SF2_MSS_sys.ipd' has been loaded successfully.
DESIGN : SF2_MSS_sys;  CHECKSUM : A7EF;  PDB_VERSION : 1.9
The 'set_programming_file' command succeeded.
Warning: Programming is already enabled for device 'M2S025'.
The 'enable_device' command succeeded.
The 'enable_procedure' command succeeded.
The 'set_programming_action' command succeeded.
programmer 'E200108CTE' : Scan Chain...
Warning: programmer 'E200108CTE' : Vpump has been selected on programmer AND an externally provided Vpump has also been detected. Using externally provided Vpump voltage source.
programmer 'E200108CTE' : Check Chain...
programmer 'E200108CTE' : Scan and Check Chain PASSED.
programmer 'E200108CTE' : device 'M2S025' : Executing action PROGRAM
programmer 'E200108CTE' : device 'M2S025' : Family: SmartFusion2
programmer 'E200108CTE' : device 'M2S025' : Product:      M2S025
programmer 'E200108CTE' : device 'M2S025' : EXPORT ISC_ENABLE_RESULT[32] = 00776444
programmer 'E200108CTE' : device 'M2S025' : EXPORT CRCERR[1] = 0
programmer 'E200108CTE' : device 'M2S025' : EXPORT EDCERR[1] = 0
programmer 'E200108CTE' : device 'M2S025' : Programming FPGA Array and eNVM...
programmer 'E200108CTE' : device 'M2S025' : Verifying FPGA Array and eNVM...
programmer 'E200108CTE' : device 'M2S025' : ===================================================================================
programmer 'E200108CTE' : device 'M2S025' : EXPORT DSN[128] = 39a5e38371c764908909ecd97e168a6a
programmer 'E200108CTE' : device 'M2S025' : ===================================================================================
programmer 'E200108CTE' : device 'M2S025' : Finished: Sat Jan 27 17:25:31 2018 (Elapsed time 00:01:03)
programmer 'E200108CTE' : device 'M2S025' : Executing action PROGRAM PASSED.
programmer 'E200108CTE' : Chain programming PASSED.
Chain Programming Finished: Sat Jan 27 17:25:31 2018 (Elapsed time 00:01:03)

                        o - o - o - o - o - o

The 'run_selected_actions' command succeeded.
The 'set_programming_file' command succeeded.
Project saved.
The 'save_project' command succeeded.
Project closed.
