Resource Usage Report for SF2_MSS_sys 

Mapping to part: m2s025vf256std
Cell usage:
CCC             1 use
CLKINT          3 uses
MSS_025         1 use
OR3             2 uses
RCOSC_25_50MHZ  1 use
SYSRESET        1 use
CFG2           107 uses
CFG3           137 uses
CFG4           260 uses

Carry cells:
ARI1            294 uses - used for arithmetic functions
ARI1            137 uses - used for Wide-Mux implementation
Total ARI1      431 uses


Sequential Cells: 
SLE            545 uses

DSP Blocks:    0 of 34 (0%)

I/O ports: 28
I/O primitives: 27
INBUF          7 uses
OUTBUF         20 uses


Global Clock Buffers: 3 of 8 (37%)


Total LUTs:    935

Extra resources required for RAM and MACC interface logic during P&R:

RAM64x18 Interface Logic : SLEs = 36; LUTs = 36;
RAM1K18  Interface Logic : SLEs = 0; LUTs = 0;
MACC     Interface Logic : SLEs = 0; LUTs = 0;

Total number of SLEs after P&R:  545 + 36 + 0 + 0 = 581;
Total number of LUTs after P&R:  935 + 36 + 0 + 0 = 971;

