C:\Microsemi\Libero_SoC_v11.8\SynplifyPro\bin64\c_hdl.exe  -osyn  C:\Users\calplug\Desktop\Servo-arm2\synthesis\synwork\SF2_MSS_sys_comp.srs  -top  work.SF2_MSS_sys  -hdllog  C:\Users\calplug\Desktop\Servo-arm2\synthesis\synlog\SF2_MSS_sys_compiler.srr  -encrypt  -mp  4  -verification_mode 0  -vhdl  -prodtype  synplify_pro  -infer_seqShift -primux -dspmac -pqdpadd -fixsmult -sdff_counter -divnmod -nram  -encrypt  -pro  -dmgen  C:\Users\calplug\Desktop\Servo-arm2\synthesis\dm  -lite -ui -fid2 -ram -sharing on -ll 2000 -autosm  -vhdl2008  -ignore_undefined_lib  -lib work C:\Users\calplug\Desktop\Servo-arm2\component\Actel\DirectCore\CoreResetP\7.1.100\rtl\vhdl\core\coreresetp_pcie_hotreset.vhd -lib work C:\Users\calplug\Desktop\Servo-arm2\component\Actel\DirectCore\CoreResetP\7.1.100\rtl\vhdl\core\coreresetp.vhd -lib work C:\Users\calplug\Desktop\Servo-arm2\component\work\SF2_MSS_sys_sb\CCC_0\SF2_MSS_sys_sb_CCC_0_FCCC.vhd -lib work C:\Users\calplug\Desktop\Servo-arm2\component\Actel\SgCore\OSC\2.0.101\osc_comps.vhd -lib work C:\Users\calplug\Desktop\Servo-arm2\component\work\SF2_MSS_sys_sb\FABOSC_0\SF2_MSS_sys_sb_FABOSC_0_OSC.vhd -lib work C:\Users\calplug\Desktop\Servo-arm2\component\work\SF2_MSS_sys_sb_MSS\SF2_MSS_sys_sb_MSS_syn.vhd -lib work C:\Users\calplug\Desktop\Servo-arm2\component\work\SF2_MSS_sys_sb_MSS\SF2_MSS_sys_sb_MSS.vhd -lib COREAPB3_LIB C:\Users\calplug\Desktop\Servo-arm2\component\Actel\DirectCore\CoreAPB3\4.1.100\rtl\vhdl\core\coreapb3_muxptob3.vhd -lib COREAPB3_LIB C:\Users\calplug\Desktop\Servo-arm2\component\Actel\DirectCore\CoreAPB3\4.1.100\rtl\vhdl\core\coreapb3_iaddr_reg.vhd -lib COREAPB3_LIB C:\Users\calplug\Desktop\Servo-arm2\component\Actel\DirectCore\CoreAPB3\4.1.100\rtl\vhdl\core\coreapb3.vhd -lib COREGPIO_LIB C:\Users\calplug\Desktop\Servo-arm2\component\Actel\DirectCore\CoreGPIO\3.1.101\rtl\vhdl\core\coregpio_pkg.vhd -lib COREGPIO_LIB C:\Users\calplug\Desktop\Servo-arm2\component\Actel\DirectCore\CoreGPIO\3.1.101\rtl\vhdl\core\coregpio.vhd -lib COREPWM_LIB C:\Users\calplug\Desktop\Servo-arm2\component\Actel\DirectCore\corepwm\4.3.101\rtl\vhdl\core\pwm_gen.vhd -lib COREPWM_LIB C:\Users\calplug\Desktop\Servo-arm2\component\Actel\DirectCore\corepwm\4.3.101\rtl\vhdl\core\reg_if.vhd -lib COREPWM_LIB C:\Users\calplug\Desktop\Servo-arm2\component\Actel\DirectCore\corepwm\4.3.101\rtl\vhdl\core\tach_if.vhd -lib COREPWM_LIB C:\Users\calplug\Desktop\Servo-arm2\component\Actel\DirectCore\corepwm\4.3.101\rtl\vhdl\core\timebase.vhd -lib COREPWM_LIB C:\Users\calplug\Desktop\Servo-arm2\component\Actel\DirectCore\corepwm\4.3.101\rtl\vhdl\core\t_corepwm_pkg.vhd -lib COREPWM_LIB C:\Users\calplug\Desktop\Servo-arm2\component\Actel\DirectCore\corepwm\4.3.101\rtl\vhdl\core\corepwm.vhd -lib COREUARTAPB_LIB C:\Users\calplug\Desktop\Servo-arm2\component\work\SF2_MSS_sys_sb\CoreUARTapb_0\rtl\vhdl\core\Clock_gen.vhd -lib COREUARTAPB_LIB C:\Users\calplug\Desktop\Servo-arm2\component\work\SF2_MSS_sys_sb\CoreUARTapb_0\rtl\vhdl\core\Rx_async.vhd -lib COREUARTAPB_LIB C:\Users\calplug\Desktop\Servo-arm2\component\work\SF2_MSS_sys_sb\CoreUARTapb_0\rtl\vhdl\core\Tx_async.vhd -lib COREUARTAPB_LIB C:\Users\calplug\Desktop\Servo-arm2\component\work\SF2_MSS_sys_sb\CoreUARTapb_0\rtl\vhdl\core\fifo_256x8_g4.vhd -lib COREUARTAPB_LIB C:\Users\calplug\Desktop\Servo-arm2\component\work\SF2_MSS_sys_sb\CoreUARTapb_0\rtl\vhdl\core\coreuart_pkg.vhd -lib COREUARTAPB_LIB C:\Users\calplug\Desktop\Servo-arm2\component\work\SF2_MSS_sys_sb\CoreUARTapb_0\rtl\vhdl\core\CoreUART.vhd -lib COREUARTAPB_LIB C:\Users\calplug\Desktop\Servo-arm2\component\work\SF2_MSS_sys_sb\CoreUARTapb_0\rtl\vhdl\core\CoreUARTapb.vhd -lib COREAPB3_LIB C:\Users\calplug\Desktop\Servo-arm2\component\Actel\DirectCore\CoreAPB3\4.1.100\rtl\vhdl\core\components.vhd -lib COREGPIO_LIB C:\Users\calplug\Desktop\Servo-arm2\component\Actel\DirectCore\CoreGPIO\3.1.101\rtl\vhdl\core\components.vhd -lib COREPWM_LIB C:\Users\calplug\Desktop\Servo-arm2\component\Actel\DirectCore\corepwm\4.3.101\rtl\vhdl\core\components.vhd -lib COREUARTAPB_LIB C:\Users\calplug\Desktop\Servo-arm2\component\work\SF2_MSS_sys_sb\CoreUARTapb_0\rtl\vhdl\core\components.vhd -lib work C:\Users\calplug\Desktop\Servo-arm2\component\work\SF2_MSS_sys_sb\SF2_MSS_sys_sb.vhd -lib work C:\Users\calplug\Desktop\Servo-arm2\component\work\SF2_MSS_sys\SF2_MSS_sys.vhd 
rc:0 success:1 runtime:17
file:C:\Users\calplug\Desktop\Servo-arm2\synthesis\synwork\SF2_MSS_sys_comp.srs|io:o|time:1512419766|size:119238|exec:0
file:C:\Users\calplug\Desktop\Servo-arm2\synthesis\synlog\SF2_MSS_sys_compiler.srr|io:o|time:1512419766|size:64376|exec:0
file:C:\Users\calplug\Desktop\Servo-arm2\component\Actel\DirectCore\CoreResetP\7.1.100\rtl\vhdl\core\coreresetp_pcie_hotreset.vhd|io:i|time:1465384012|size:9297|exec:0
file:C:\Users\calplug\Desktop\Servo-arm2\component\Actel\DirectCore\CoreResetP\7.1.100\rtl\vhdl\core\coreresetp.vhd|io:i|time:1465384012|size:75054|exec:0
file:C:\Users\calplug\Desktop\Servo-arm2\component\work\SF2_MSS_sys_sb\CCC_0\SF2_MSS_sys_sb_CCC_0_FCCC.vhd|io:i|time:1487045360|size:5710|exec:0
file:C:\Users\calplug\Desktop\Servo-arm2\component\Actel\SgCore\OSC\2.0.101\osc_comps.vhd|io:i|time:1478816044|size:2164|exec:0
file:C:\Users\calplug\Desktop\Servo-arm2\component\work\SF2_MSS_sys_sb\FABOSC_0\SF2_MSS_sys_sb_FABOSC_0_OSC.vhd|io:i|time:1487045362|size:1591|exec:0
file:C:\Users\calplug\Desktop\Servo-arm2\component\work\SF2_MSS_sys_sb_MSS\SF2_MSS_sys_sb_MSS_syn.vhd|io:i|time:1487538934|size:70288|exec:0
file:C:\Users\calplug\Desktop\Servo-arm2\component\work\SF2_MSS_sys_sb_MSS\SF2_MSS_sys_sb_MSS.vhd|io:i|time:1487538934|size:87339|exec:0
file:C:\Users\calplug\Desktop\Servo-arm2\component\Actel\DirectCore\CoreAPB3\4.1.100\rtl\vhdl\core\coreapb3_muxptob3.vhd|io:i|time:1462466262|size:9523|exec:0
file:C:\Users\calplug\Desktop\Servo-arm2\component\Actel\DirectCore\CoreAPB3\4.1.100\rtl\vhdl\core\coreapb3_iaddr_reg.vhd|io:i|time:1462466262|size:5757|exec:0
file:C:\Users\calplug\Desktop\Servo-arm2\component\Actel\DirectCore\CoreAPB3\4.1.100\rtl\vhdl\core\coreapb3.vhd|io:i|time:1462466262|size:78851|exec:0
file:C:\Users\calplug\Desktop\Servo-arm2\component\Actel\DirectCore\CoreGPIO\3.1.101\rtl\vhdl\core\coregpio_pkg.vhd|io:i|time:1487019110|size:3084|exec:0
file:C:\Users\calplug\Desktop\Servo-arm2\component\Actel\DirectCore\CoreGPIO\3.1.101\rtl\vhdl\core\coregpio.vhd|io:i|time:1487019110|size:39361|exec:0
file:C:\Users\calplug\Desktop\Servo-arm2\component\Actel\DirectCore\corepwm\4.3.101\rtl\vhdl\core\pwm_gen.vhd|io:i|time:1485044136|size:4804|exec:0
file:C:\Users\calplug\Desktop\Servo-arm2\component\Actel\DirectCore\corepwm\4.3.101\rtl\vhdl\core\reg_if.vhd|io:i|time:1485044136|size:55078|exec:0
file:C:\Users\calplug\Desktop\Servo-arm2\component\Actel\DirectCore\corepwm\4.3.101\rtl\vhdl\core\tach_if.vhd|io:i|time:1485044136|size:6560|exec:0
file:C:\Users\calplug\Desktop\Servo-arm2\component\Actel\DirectCore\corepwm\4.3.101\rtl\vhdl\core\timebase.vhd|io:i|time:1485044136|size:2996|exec:0
file:C:\Users\calplug\Desktop\Servo-arm2\component\Actel\DirectCore\corepwm\4.3.101\rtl\vhdl\core\t_corepwm_pkg.vhd|io:i|time:1485044136|size:417|exec:0
file:C:\Users\calplug\Desktop\Servo-arm2\component\Actel\DirectCore\corepwm\4.3.101\rtl\vhdl\core\corepwm.vhd|io:i|time:1485044136|size:71908|exec:0
file:C:\Users\calplug\Desktop\Servo-arm2\component\work\SF2_MSS_sys_sb\CoreUARTapb_0\rtl\vhdl\core\Clock_gen.vhd|io:i|time:1487045360|size:12921|exec:0
file:C:\Users\calplug\Desktop\Servo-arm2\component\work\SF2_MSS_sys_sb\CoreUARTapb_0\rtl\vhdl\core\Rx_async.vhd|io:i|time:1487045360|size:21585|exec:0
file:C:\Users\calplug\Desktop\Servo-arm2\component\work\SF2_MSS_sys_sb\CoreUARTapb_0\rtl\vhdl\core\Tx_async.vhd|io:i|time:1487045360|size:11228|exec:0
file:C:\Users\calplug\Desktop\Servo-arm2\component\work\SF2_MSS_sys_sb\CoreUARTapb_0\rtl\vhdl\core\fifo_256x8_g4.vhd|io:i|time:1487045360|size:17667|exec:0
file:C:\Users\calplug\Desktop\Servo-arm2\component\work\SF2_MSS_sys_sb\CoreUARTapb_0\rtl\vhdl\core\coreuart_pkg.vhd|io:i|time:1487045360|size:531|exec:0
file:C:\Users\calplug\Desktop\Servo-arm2\component\work\SF2_MSS_sys_sb\CoreUARTapb_0\rtl\vhdl\core\CoreUART.vhd|io:i|time:1487045360|size:22433|exec:0
file:C:\Users\calplug\Desktop\Servo-arm2\component\work\SF2_MSS_sys_sb\CoreUARTapb_0\rtl\vhdl\core\CoreUARTapb.vhd|io:i|time:1487045360|size:17799|exec:0
file:C:\Users\calplug\Desktop\Servo-arm2\component\Actel\DirectCore\CoreAPB3\4.1.100\rtl\vhdl\core\components.vhd|io:i|time:1462466262|size:6172|exec:0
file:C:\Users\calplug\Desktop\Servo-arm2\component\Actel\DirectCore\CoreGPIO\3.1.101\rtl\vhdl\core\components.vhd|io:i|time:1487019110|size:7134|exec:0
file:C:\Users\calplug\Desktop\Servo-arm2\component\Actel\DirectCore\corepwm\4.3.101\rtl\vhdl\core\components.vhd|io:i|time:1485044136|size:7016|exec:0
file:C:\Users\calplug\Desktop\Servo-arm2\component\work\SF2_MSS_sys_sb\CoreUARTapb_0\rtl\vhdl\core\components.vhd|io:i|time:1487045360|size:2740|exec:0
file:C:\Users\calplug\Desktop\Servo-arm2\component\work\SF2_MSS_sys_sb\SF2_MSS_sys_sb.vhd|io:i|time:1487045362|size:57043|exec:0
file:C:\Users\calplug\Desktop\Servo-arm2\component\work\SF2_MSS_sys\SF2_MSS_sys.vhd|io:i|time:1487045512|size:7244|exec:0
file:C:\Microsemi\Libero_SoC_v11.8\SynplifyPro\bin\c_hdl.exe|io:i|time:1479402364|size:1337856|exec:1
file:C:\Microsemi\Libero_SoC_v11.8\SynplifyPro\bin64\c_hdl.exe|io:i|time:1479402568|size:1973248|exec:1
